-------------------------------------------------------------------------------
Test set: cn.edu.nju.o2o.dao.AreaDaoTest
-------------------------------------------------------------------------------
Tests run: 1, Failures: 0, Errors: 1, Skipped: 0, Time elapsed: 1.942 s <<< FAILURE! - in cn.edu.nju.o2o.dao.AreaDaoTest
testQueryArea(cn.edu.nju.o2o.dao.AreaDaoTest)  Time elapsed: 0.002 s  <<< ERROR!
java.lang.IllegalStateException: Failed to load ApplicationContext
Caused by: org.springframework.beans.factory.BeanCreationException: Error creating bean with name 'sqlSessionFactory' defined in class path resource [spring/spring-dao.xml]: Invocation of init method failed; nested exception is org.springframework.core.NestedIOException: Failed to parse config resource: class path resource [mybatis-config.xml]; nested exception is org.apache.ibatis.builder.BuilderException: Error parsing SQL Mapper Configuration. Cause: org.apache.ibatis.builder.BuilderException: The setting useColumnLable is not known.  Make sure you spelled it correctly (case sensitive).
Caused by: org.springframework.core.NestedIOException: Failed to parse config resource: class path resource [mybatis-config.xml]; nested exception is org.apache.ibatis.builder.BuilderException: Error parsing SQL Mapper Configuration. Cause: org.apache.ibatis.builder.BuilderException: The setting useColumnLable is not known.  Make sure you spelled it correctly (case sensitive).
Caused by: org.apache.ibatis.builder.BuilderException: Error parsing SQL Mapper Configuration. Cause: org.apache.ibatis.builder.BuilderException: The setting useColumnLable is not known.  Make sure you spelled it correctly (case sensitive).
Caused by: org.apache.ibatis.builder.BuilderException: The setting useColumnLable is not known.  Make sure you spelled it correctly (case sensitive).

