-------------------------------------------------------------------------------
Test set: cn.edu.nju.o2o.BaseTest
-------------------------------------------------------------------------------
Tests run: 1, Failures: 0, Errors: 1, Skipped: 0, Time elapsed: 0.001 s <<< FAILURE! - in cn.edu.nju.o2o.BaseTest
initializationError(cn.edu.nju.o2o.BaseTest)  Time elapsed: 0 s  <<< ERROR!
java.lang.Exception: No runnable methods

